{"/Users/alinabangash/volunteer-app/server/src/data.ts": {"path":"/Users/alinabangash/volunteer-app/server/src/data.ts","statementMap":{"0":{"start":{"line":11,"column":13},"end":{"line":31,"column":2}},"1":{"start":{"line":33,"column":13},"end":{"line":94,"column":2}},"2":{"start":{"line":96,"column":13},"end":{"line":118,"column":5}},"3":{"start":{"line":120,"column":16},"end":{"line":145,"column":4}},"4":{"start":{"line":150,"column":13},"end":{"line":203,"column":4}},"5":{"start":{"line":207,"column":15},"end":{"line":268,"column":null}}},"fnMap":{},"branchMap":{},"s":{"0":2,"1":2,"2":2,"3":2,"4":2,"5":2},"f":{},"b":{}}
,"/Users/alinabangash/volunteer-app/server/src/handlers/history.ts": {"path":"/Users/alinabangash/volunteer-app/server/src/handlers/history.ts","statementMap":{"0":{"start":{"line":41,"column":0},"end":{"line":41,"column":16}},"1":{"start":{"line":69,"column":0},"end":{"line":69,"column":16}},"2":{"start":{"line":3,"column":0},"end":{"line":3,"column":73}},"3":{"start":{"line":42,"column":27},"end":{"line":42,"column":99}},"4":{"start":{"line":42,"column":57},"end":{"line":42,"column":98}},"5":{"start":{"line":44,"column":4},"end":{"line":66,"column":5}},"6":{"start":{"line":45,"column":54},"end":{"line":61,"column":10}},"7":{"start":{"line":46,"column":30},"end":{"line":46,"column":81}},"8":{"start":{"line":46,"column":53},"end":{"line":46,"column":80}},"9":{"start":{"line":47,"column":26},"end":{"line":47,"column":69}},"10":{"start":{"line":47,"column":45},"end":{"line":47,"column":68}},"11":{"start":{"line":49,"column":12},"end":{"line":60,"column":14}},"12":{"start":{"line":63,"column":8},"end":{"line":63,"column":46}},"13":{"start":{"line":65,"column":8},"end":{"line":65,"column":68}},"14":{"start":{"line":70,"column":4},"end":{"line":92,"column":5}},"15":{"start":{"line":71,"column":54},"end":{"line":87,"column":10}},"16":{"start":{"line":72,"column":30},"end":{"line":72,"column":81}},"17":{"start":{"line":72,"column":53},"end":{"line":72,"column":80}},"18":{"start":{"line":73,"column":26},"end":{"line":73,"column":69}},"19":{"start":{"line":73,"column":45},"end":{"line":73,"column":68}},"20":{"start":{"line":75,"column":12},"end":{"line":86,"column":14}},"21":{"start":{"line":89,"column":8},"end":{"line":89,"column":46}},"22":{"start":{"line":91,"column":8},"end":{"line":91,"column":68}}},"fnMap":{"0":{"name":"getHistoryById","decl":{"start":{"line":41,"column":16},"end":{"line":41,"column":30}},"loc":{"start":{"line":41,"column":114},"end":{"line":67,"column":1}}},"1":{"name":"(anonymous_1)","decl":{"start":{"line":42,"column":44},"end":{"line":42,"column":45}},"loc":{"start":{"line":42,"column":57},"end":{"line":42,"column":98}}},"2":{"name":"(anonymous_2)","decl":{"start":{"line":45,"column":73},"end":{"line":45,"column":74}},"loc":{"start":{"line":45,"column":84},"end":{"line":61,"column":9}}},"3":{"name":"(anonymous_3)","decl":{"start":{"line":46,"column":46},"end":{"line":46,"column":47}},"loc":{"start":{"line":46,"column":53},"end":{"line":46,"column":80}}},"4":{"name":"(anonymous_4)","decl":{"start":{"line":47,"column":38},"end":{"line":47,"column":39}},"loc":{"start":{"line":47,"column":45},"end":{"line":47,"column":68}}},"5":{"name":"getHistory","decl":{"start":{"line":69,"column":16},"end":{"line":69,"column":26}},"loc":{"start":{"line":69,"column":94},"end":{"line":93,"column":1}}},"6":{"name":"(anonymous_6)","decl":{"start":{"line":71,"column":68},"end":{"line":71,"column":69}},"loc":{"start":{"line":71,"column":79},"end":{"line":87,"column":9}}},"7":{"name":"(anonymous_7)","decl":{"start":{"line":72,"column":46},"end":{"line":72,"column":47}},"loc":{"start":{"line":72,"column":53},"end":{"line":72,"column":80}}},"8":{"name":"(anonymous_8)","decl":{"start":{"line":73,"column":38},"end":{"line":73,"column":39}},"loc":{"start":{"line":73,"column":45},"end":{"line":73,"column":68}}}},"branchMap":{"0":{"loc":{"start":{"line":44,"column":4},"end":{"line":66,"column":5}},"type":"if","locations":[{"start":{"line":44,"column":4},"end":{"line":66,"column":5}},{"start":{"line":64,"column":11},"end":{"line":66,"column":5}}]},"1":{"loc":{"start":{"line":52,"column":31},"end":{"line":52,"column":69}},"type":"cond-expr","locations":[{"start":{"line":52,"column":43},"end":{"line":52,"column":57}},{"start":{"line":52,"column":60},"end":{"line":52,"column":69}}]},"2":{"loc":{"start":{"line":53,"column":27},"end":{"line":53,"column":57}},"type":"cond-expr","locations":[{"start":{"line":53,"column":35},"end":{"line":53,"column":45}},{"start":{"line":53,"column":48},"end":{"line":53,"column":57}}]},"3":{"loc":{"start":{"line":54,"column":34},"end":{"line":54,"column":78}},"type":"cond-expr","locations":[{"start":{"line":54,"column":42},"end":{"line":54,"column":59}},{"start":{"line":54,"column":62},"end":{"line":54,"column":78}}]},"4":{"loc":{"start":{"line":55,"column":26},"end":{"line":55,"column":59}},"type":"cond-expr","locations":[{"start":{"line":55,"column":34},"end":{"line":55,"column":47}},{"start":{"line":55,"column":50},"end":{"line":55,"column":59}}]},"5":{"loc":{"start":{"line":56,"column":24},"end":{"line":56,"column":49}},"type":"cond-expr","locations":[{"start":{"line":56,"column":32},"end":{"line":56,"column":44}},{"start":{"line":56,"column":47},"end":{"line":56,"column":49}}]},"6":{"loc":{"start":{"line":57,"column":25},"end":{"line":57,"column":58}},"type":"cond-expr","locations":[{"start":{"line":57,"column":33},"end":{"line":57,"column":46}},{"start":{"line":57,"column":49},"end":{"line":57,"column":58}}]},"7":{"loc":{"start":{"line":58,"column":27},"end":{"line":58,"column":62}},"type":"cond-expr","locations":[{"start":{"line":58,"column":35},"end":{"line":58,"column":49}},{"start":{"line":58,"column":52},"end":{"line":58,"column":62}}]},"8":{"loc":{"start":{"line":70,"column":4},"end":{"line":92,"column":5}},"type":"if","locations":[{"start":{"line":70,"column":4},"end":{"line":92,"column":5}},{"start":{"line":90,"column":11},"end":{"line":92,"column":5}}]},"9":{"loc":{"start":{"line":78,"column":31},"end":{"line":78,"column":69}},"type":"cond-expr","locations":[{"start":{"line":78,"column":43},"end":{"line":78,"column":57}},{"start":{"line":78,"column":60},"end":{"line":78,"column":69}}]},"10":{"loc":{"start":{"line":79,"column":27},"end":{"line":79,"column":57}},"type":"cond-expr","locations":[{"start":{"line":79,"column":35},"end":{"line":79,"column":45}},{"start":{"line":79,"column":48},"end":{"line":79,"column":57}}]},"11":{"loc":{"start":{"line":80,"column":34},"end":{"line":80,"column":78}},"type":"cond-expr","locations":[{"start":{"line":80,"column":42},"end":{"line":80,"column":59}},{"start":{"line":80,"column":62},"end":{"line":80,"column":78}}]},"12":{"loc":{"start":{"line":81,"column":26},"end":{"line":81,"column":59}},"type":"cond-expr","locations":[{"start":{"line":81,"column":34},"end":{"line":81,"column":47}},{"start":{"line":81,"column":50},"end":{"line":81,"column":59}}]},"13":{"loc":{"start":{"line":82,"column":24},"end":{"line":82,"column":49}},"type":"cond-expr","locations":[{"start":{"line":82,"column":32},"end":{"line":82,"column":44}},{"start":{"line":82,"column":47},"end":{"line":82,"column":49}}]},"14":{"loc":{"start":{"line":83,"column":25},"end":{"line":83,"column":58}},"type":"cond-expr","locations":[{"start":{"line":83,"column":33},"end":{"line":83,"column":46}},{"start":{"line":83,"column":49},"end":{"line":83,"column":58}}]},"15":{"loc":{"start":{"line":84,"column":27},"end":{"line":84,"column":62}},"type":"cond-expr","locations":[{"start":{"line":84,"column":35},"end":{"line":84,"column":49}},{"start":{"line":84,"column":52},"end":{"line":84,"column":62}}]}},"s":{"0":1,"1":1,"2":1,"3":2,"4":8,"5":2,"6":1,"7":2,"8":2,"9":2,"10":4,"11":2,"12":1,"13":1,"14":1,"15":1,"16":4,"17":7,"18":4,"19":10,"20":4,"21":1,"22":0},"f":{"0":2,"1":8,"2":2,"3":2,"4":4,"5":1,"6":4,"7":7,"8":10},"b":{"0":[1,1],"1":[2,0],"2":[2,0],"3":[2,0],"4":[2,0],"5":[2,0],"6":[2,0],"7":[2,0],"8":[1,0],"9":[4,0],"10":[4,0],"11":[4,0],"12":[4,0],"13":[4,0],"14":[4,0],"15":[4,0]}}
,"/Users/alinabangash/volunteer-app/server/src/handlers/users.ts": {"path":"/Users/alinabangash/volunteer-app/server/src/handlers/users.ts","statementMap":{"0":{"start":{"line":7,"column":0},"end":{"line":7,"column":16}},"1":{"start":{"line":11,"column":0},"end":{"line":11,"column":16}},"2":{"start":{"line":22,"column":0},"end":{"line":22,"column":16}},"3":{"start":{"line":31,"column":0},"end":{"line":31,"column":16}},"4":{"start":{"line":63,"column":0},"end":{"line":63,"column":16}},"5":{"start":{"line":75,"column":0},"end":{"line":75,"column":16}},"6":{"start":{"line":3,"column":0},"end":{"line":3,"column":32}},"7":{"start":{"line":4,"column":0},"end":{"line":4,"column":58}},"8":{"start":{"line":8,"column":4},"end":{"line":8,"column":32}},"9":{"start":{"line":12,"column":17},"end":{"line":12,"column":113}},"10":{"start":{"line":12,"column":38},"end":{"line":12,"column":112}},"11":{"start":{"line":13,"column":4},"end":{"line":18,"column":5}},"12":{"start":{"line":14,"column":8},"end":{"line":17,"column":11}},"13":{"start":{"line":19,"column":4},"end":{"line":19,"column":55}},"14":{"start":{"line":23,"column":15},"end":{"line":23,"column":32}},"15":{"start":{"line":24,"column":17},"end":{"line":24,"column":63}},"16":{"start":{"line":24,"column":38},"end":{"line":24,"column":62}},"17":{"start":{"line":25,"column":4},"end":{"line":27,"column":5}},"18":{"start":{"line":26,"column":8},"end":{"line":26,"column":35}},"19":{"start":{"line":28,"column":4},"end":{"line":28,"column":55}},"20":{"start":{"line":32,"column":20},"end":{"line":32,"column":32}},"21":{"start":{"line":33,"column":19},"end":{"line":33,"column":44}},"22":{"start":{"line":34,"column":4},"end":{"line":34,"column":24}},"23":{"start":{"line":35,"column":4},"end":{"line":37,"column":5}},"24":{"start":{"line":36,"column":8},"end":{"line":36,"column":53}},"25":{"start":{"line":39,"column":4},"end":{"line":42,"column":5}},"26":{"start":{"line":40,"column":23},"end":{"line":40,"column":63}},"27":{"start":{"line":40,"column":53},"end":{"line":40,"column":62}},"28":{"start":{"line":41,"column":8},"end":{"line":41,"column":null}},"29":{"start":{"line":44,"column":18},"end":{"line":44,"column":67}},"30":{"start":{"line":44,"column":39},"end":{"line":44,"column":66}},"31":{"start":{"line":45,"column":4},"end":{"line":59,"column":5}},"32":{"start":{"line":46,"column":8},"end":{"line":46,"column":68}},"33":{"start":{"line":49,"column":8},"end":{"line":49,"column":51}},"34":{"start":{"line":50,"column":21},"end":{"line":55,"column":null}},"35":{"start":{"line":56,"column":8},"end":{"line":56,"column":25}},"36":{"start":{"line":58,"column":8},"end":{"line":58,"column":47}},"37":{"start":{"line":64,"column":15},"end":{"line":64,"column":32}},"38":{"start":{"line":66,"column":17},"end":{"line":66,"column":63}},"39":{"start":{"line":66,"column":38},"end":{"line":66,"column":62}},"40":{"start":{"line":67,"column":4},"end":{"line":71,"column":5}},"41":{"start":{"line":68,"column":22},"end":{"line":68,"column":41}},"42":{"start":{"line":69,"column":8},"end":{"line":69,"column":31}},"43":{"start":{"line":70,"column":8},"end":{"line":70,"column":47}},"44":{"start":{"line":72,"column":4},"end":{"line":72,"column":32}},"45":{"start":{"line":76,"column":15},"end":{"line":76,"column":32}},"46":{"start":{"line":77,"column":23},"end":{"line":77,"column":35}},"47":{"start":{"line":79,"column":17},"end":{"line":79,"column":63}},"48":{"start":{"line":79,"column":38},"end":{"line":79,"column":62}},"49":{"start":{"line":80,"column":4},"end":{"line":88,"column":5}},"50":{"start":{"line":81,"column":22},"end":{"line":81,"column":41}},"51":{"start":{"line":82,"column":8},"end":{"line":86,"column":null}},"52":{"start":{"line":87,"column":8},"end":{"line":87,"column":55}},"53":{"start":{"line":89,"column":4},"end":{"line":89,"column":32}}},"fnMap":{"0":{"name":"getUsers","decl":{"start":{"line":7,"column":16},"end":{"line":7,"column":24}},"loc":{"start":{"line":7,"column":69},"end":{"line":9,"column":1}}},"1":{"name":"loginUser","decl":{"start":{"line":11,"column":16},"end":{"line":11,"column":25}},"loc":{"start":{"line":11,"column":116},"end":{"line":20,"column":1}}},"2":{"name":"(anonymous_2)","decl":{"start":{"line":12,"column":28},"end":{"line":12,"column":29}},"loc":{"start":{"line":12,"column":38},"end":{"line":12,"column":112}}},"3":{"name":"getUsersById","decl":{"start":{"line":22,"column":16},"end":{"line":22,"column":28}},"loc":{"start":{"line":22,"column":94},"end":{"line":29,"column":1}}},"4":{"name":"(anonymous_4)","decl":{"start":{"line":24,"column":28},"end":{"line":24,"column":29}},"loc":{"start":{"line":24,"column":38},"end":{"line":24,"column":62}}},"5":{"name":"createUser","decl":{"start":{"line":31,"column":16},"end":{"line":31,"column":26}},"loc":{"start":{"line":31,"column":116},"end":{"line":61,"column":1}}},"6":{"name":"(anonymous_6)","decl":{"start":{"line":40,"column":42},"end":{"line":40,"column":43}},"loc":{"start":{"line":40,"column":53},"end":{"line":40,"column":62}}},"7":{"name":"(anonymous_7)","decl":{"start":{"line":44,"column":29},"end":{"line":44,"column":30}},"loc":{"start":{"line":44,"column":39},"end":{"line":44,"column":66}}},"8":{"name":"deleteUser","decl":{"start":{"line":63,"column":16},"end":{"line":63,"column":26}},"loc":{"start":{"line":63,"column":83},"end":{"line":73,"column":1}}},"9":{"name":"(anonymous_9)","decl":{"start":{"line":66,"column":28},"end":{"line":66,"column":29}},"loc":{"start":{"line":66,"column":38},"end":{"line":66,"column":62}}},"10":{"name":"updateUser","decl":{"start":{"line":75,"column":16},"end":{"line":75,"column":26}},"loc":{"start":{"line":75,"column":106},"end":{"line":90,"column":1}}},"11":{"name":"(anonymous_11)","decl":{"start":{"line":79,"column":28},"end":{"line":79,"column":29}},"loc":{"start":{"line":79,"column":38},"end":{"line":79,"column":62}}}},"branchMap":{"0":{"loc":{"start":{"line":12,"column":38},"end":{"line":12,"column":112}},"type":"binary-expr","locations":[{"start":{"line":12,"column":38},"end":{"line":12,"column":70}},{"start":{"line":12,"column":74},"end":{"line":12,"column":112}}]},"1":{"loc":{"start":{"line":13,"column":4},"end":{"line":18,"column":5}},"type":"if","locations":[{"start":{"line":13,"column":4},"end":{"line":18,"column":5}}]},"2":{"loc":{"start":{"line":25,"column":4},"end":{"line":27,"column":5}},"type":"if","locations":[{"start":{"line":25,"column":4},"end":{"line":27,"column":5}}]},"3":{"loc":{"start":{"line":35,"column":4},"end":{"line":37,"column":5}},"type":"if","locations":[{"start":{"line":35,"column":4},"end":{"line":37,"column":5}}]},"4":{"loc":{"start":{"line":39,"column":4},"end":{"line":42,"column":5}},"type":"if","locations":[{"start":{"line":39,"column":4},"end":{"line":42,"column":5}}]},"5":{"loc":{"start":{"line":45,"column":4},"end":{"line":59,"column":5}},"type":"if","locations":[{"start":{"line":45,"column":4},"end":{"line":59,"column":5}},{"start":{"line":48,"column":9},"end":{"line":59,"column":5}}]},"6":{"loc":{"start":{"line":67,"column":4},"end":{"line":71,"column":5}},"type":"if","locations":[{"start":{"line":67,"column":4},"end":{"line":71,"column":5}}]},"7":{"loc":{"start":{"line":80,"column":4},"end":{"line":88,"column":5}},"type":"if","locations":[{"start":{"line":80,"column":4},"end":{"line":88,"column":5}}]}},"s":{"0":1,"1":1,"2":1,"3":1,"4":1,"5":1,"6":1,"7":1,"8":1,"9":2,"10":4,"11":2,"12":1,"13":1,"14":2,"15":2,"16":4,"17":2,"18":1,"19":1,"20":3,"21":3,"22":3,"23":3,"24":1,"25":2,"26":0,"27":0,"28":0,"29":2,"30":4,"31":2,"32":1,"33":1,"34":1,"35":1,"36":1,"37":2,"38":2,"39":5,"40":2,"41":1,"42":1,"43":1,"44":1,"45":2,"46":2,"47":2,"48":5,"49":2,"50":1,"51":1,"52":1,"53":1},"f":{"0":1,"1":2,"2":4,"3":2,"4":4,"5":3,"6":0,"7":4,"8":2,"9":5,"10":2,"11":5},"b":{"0":[4,2],"1":[1],"2":[1],"3":[1],"4":[0],"5":[1,1],"6":[1],"7":[1]}}
,"/Users/alinabangash/volunteer-app/server/src/tests/mocks/history.ts": {"path":"/Users/alinabangash/volunteer-app/server/src/tests/mocks/history.ts","statementMap":{"0":{"start":{"line":3,"column":13},"end":{"line":5,"column":40}},"1":{"start":{"line":8,"column":13},"end":{"line":10,"column":40}}},"fnMap":{},"branchMap":{},"s":{"0":1,"1":1},"f":{},"b":{}}
,"/Users/alinabangash/volunteer-app/server/src/tests/mocks/index.ts": {"path":"/Users/alinabangash/volunteer-app/server/src/tests/mocks/index.ts","statementMap":{"0":{"start":{"line":3,"column":13},"end":{"line":3,"column":41}},"1":{"start":{"line":4,"column":13},"end":{"line":7,"column":25}},"2":{"start":{"line":5,"column":26},"end":{"line":5,"column":38}}},"fnMap":{"0":{"name":"(anonymous_0)","decl":{"start":{"line":5,"column":20},"end":{"line":5,"column":23}},"loc":{"start":{"line":5,"column":26},"end":{"line":5,"column":38}}}},"branchMap":{},"s":{"0":2,"1":2,"2":10},"f":{"0":10},"b":{}}
,"/Users/alinabangash/volunteer-app/server/src/tests/mocks/users.ts": {"path":"/Users/alinabangash/volunteer-app/server/src/tests/mocks/users.ts","statementMap":{"0":{"start":{"line":4,"column":13},"end":{"line":6,"column":31}},"1":{"start":{"line":8,"column":13},"end":{"line":10,"column":29}},"2":{"start":{"line":13,"column":13},"end":{"line":18,"column":39}},"3":{"start":{"line":20,"column":13},"end":{"line":25,"column":39}},"4":{"start":{"line":27,"column":13},"end":{"line":33,"column":40}},"5":{"start":{"line":35,"column":13},"end":{"line":36,"column":40}},"6":{"start":{"line":38,"column":13},"end":{"line":44,"column":40}},"7":{"start":{"line":46,"column":13},"end":{"line":48,"column":31}},"8":{"start":{"line":50,"column":13},"end":{"line":52,"column":29}},"9":{"start":{"line":54,"column":13},"end":{"line":60,"column":31}},"10":{"start":{"line":62,"column":13},"end":{"line":68,"column":29}}},"fnMap":{},"branchMap":{},"s":{"0":1,"1":1,"2":1,"3":1,"4":1,"5":1,"6":1,"7":1,"8":1,"9":1,"10":1},"f":{},"b":{}}
}
