{"C:\\volunteer-app\\server\\src\\data.ts": {"path":"C:\\volunteer-app\\server\\src\\data.ts","statementMap":{"0":{"start":{"line":7,"column":13},"end":{"line":27,"column":2}},"1":{"start":{"line":29,"column":13},"end":{"line":90,"column":2}},"2":{"start":{"line":92,"column":13},"end":{"line":114,"column":2}},"3":{"start":{"line":116,"column":13},"end":{"line":167,"column":2}},"4":{"start":{"line":169,"column":13},"end":{"line":230,"column":2}}},"fnMap":{},"branchMap":{},"s":{"0":1,"1":1,"2":1,"3":1,"4":1},"f":{},"b":{}}
,"C:\\volunteer-app\\server\\src\\handlers\\users.ts": {"path":"C:\\volunteer-app\\server\\src\\handlers\\users.ts","statementMap":{"0":{"start":{"line":5,"column":0},"end":{"line":5,"column":16}},"1":{"start":{"line":9,"column":0},"end":{"line":9,"column":16}},"2":{"start":{"line":20,"column":0},"end":{"line":20,"column":16}},"3":{"start":{"line":29,"column":0},"end":{"line":29,"column":16}},"4":{"start":{"line":51,"column":0},"end":{"line":51,"column":16}},"5":{"start":{"line":63,"column":0},"end":{"line":63,"column":16}},"6":{"start":{"line":3,"column":0},"end":{"line":3,"column":32}},"7":{"start":{"line":6,"column":4},"end":{"line":6,"column":32}},"8":{"start":{"line":10,"column":17},"end":{"line":10,"column":113}},"9":{"start":{"line":10,"column":38},"end":{"line":10,"column":112}},"10":{"start":{"line":11,"column":4},"end":{"line":16,"column":5}},"11":{"start":{"line":12,"column":8},"end":{"line":15,"column":11}},"12":{"start":{"line":17,"column":4},"end":{"line":17,"column":55}},"13":{"start":{"line":21,"column":15},"end":{"line":21,"column":32}},"14":{"start":{"line":22,"column":17},"end":{"line":22,"column":63}},"15":{"start":{"line":22,"column":38},"end":{"line":22,"column":62}},"16":{"start":{"line":23,"column":4},"end":{"line":25,"column":5}},"17":{"start":{"line":24,"column":8},"end":{"line":24,"column":35}},"18":{"start":{"line":26,"column":4},"end":{"line":26,"column":55}},"19":{"start":{"line":30,"column":20},"end":{"line":30,"column":32}},"20":{"start":{"line":31,"column":18},"end":{"line":31,"column":67}},"21":{"start":{"line":31,"column":39},"end":{"line":31,"column":66}},"22":{"start":{"line":32,"column":4},"end":{"line":46,"column":5}},"23":{"start":{"line":33,"column":8},"end":{"line":33,"column":68}},"24":{"start":{"line":35,"column":9},"end":{"line":46,"column":5}},"25":{"start":{"line":36,"column":8},"end":{"line":36,"column":51}},"26":{"start":{"line":37,"column":21},"end":{"line":42,"column":null}},"27":{"start":{"line":43,"column":8},"end":{"line":43,"column":25}},"28":{"start":{"line":45,"column":8},"end":{"line":45,"column":47}},"29":{"start":{"line":47,"column":4},"end":{"line":47,"column":32}},"30":{"start":{"line":52,"column":15},"end":{"line":52,"column":32}},"31":{"start":{"line":54,"column":17},"end":{"line":54,"column":63}},"32":{"start":{"line":54,"column":38},"end":{"line":54,"column":62}},"33":{"start":{"line":55,"column":4},"end":{"line":59,"column":5}},"34":{"start":{"line":56,"column":22},"end":{"line":56,"column":41}},"35":{"start":{"line":57,"column":8},"end":{"line":57,"column":31}},"36":{"start":{"line":58,"column":8},"end":{"line":58,"column":47}},"37":{"start":{"line":60,"column":4},"end":{"line":60,"column":32}},"38":{"start":{"line":64,"column":15},"end":{"line":64,"column":32}},"39":{"start":{"line":65,"column":23},"end":{"line":65,"column":35}},"40":{"start":{"line":67,"column":17},"end":{"line":67,"column":63}},"41":{"start":{"line":67,"column":38},"end":{"line":67,"column":62}},"42":{"start":{"line":68,"column":4},"end":{"line":76,"column":5}},"43":{"start":{"line":69,"column":22},"end":{"line":69,"column":41}},"44":{"start":{"line":70,"column":8},"end":{"line":74,"column":null}},"45":{"start":{"line":75,"column":8},"end":{"line":75,"column":55}},"46":{"start":{"line":77,"column":4},"end":{"line":77,"column":32}}},"fnMap":{"0":{"name":"getUsers","decl":{"start":{"line":5,"column":16},"end":{"line":5,"column":24}},"loc":{"start":{"line":5,"column":69},"end":{"line":7,"column":1}}},"1":{"name":"loginUser","decl":{"start":{"line":9,"column":16},"end":{"line":9,"column":25}},"loc":{"start":{"line":9,"column":116},"end":{"line":18,"column":1}}},"2":{"name":"(anonymous_2)","decl":{"start":{"line":10,"column":28},"end":{"line":10,"column":29}},"loc":{"start":{"line":10,"column":38},"end":{"line":10,"column":112}}},"3":{"name":"getUsersById","decl":{"start":{"line":20,"column":16},"end":{"line":20,"column":28}},"loc":{"start":{"line":20,"column":94},"end":{"line":27,"column":1}}},"4":{"name":"(anonymous_4)","decl":{"start":{"line":22,"column":28},"end":{"line":22,"column":29}},"loc":{"start":{"line":22,"column":38},"end":{"line":22,"column":62}}},"5":{"name":"createUser","decl":{"start":{"line":29,"column":16},"end":{"line":29,"column":26}},"loc":{"start":{"line":29,"column":105},"end":{"line":49,"column":1}}},"6":{"name":"(anonymous_6)","decl":{"start":{"line":31,"column":29},"end":{"line":31,"column":30}},"loc":{"start":{"line":31,"column":39},"end":{"line":31,"column":66}}},"7":{"name":"deleteUser","decl":{"start":{"line":51,"column":16},"end":{"line":51,"column":26}},"loc":{"start":{"line":51,"column":83},"end":{"line":61,"column":1}}},"8":{"name":"(anonymous_8)","decl":{"start":{"line":54,"column":28},"end":{"line":54,"column":29}},"loc":{"start":{"line":54,"column":38},"end":{"line":54,"column":62}}},"9":{"name":"updateUser","decl":{"start":{"line":63,"column":16},"end":{"line":63,"column":26}},"loc":{"start":{"line":63,"column":106},"end":{"line":78,"column":1}}},"10":{"name":"(anonymous_10)","decl":{"start":{"line":67,"column":28},"end":{"line":67,"column":29}},"loc":{"start":{"line":67,"column":38},"end":{"line":67,"column":62}}}},"branchMap":{"0":{"loc":{"start":{"line":10,"column":38},"end":{"line":10,"column":112}},"type":"binary-expr","locations":[{"start":{"line":10,"column":38},"end":{"line":10,"column":70}},{"start":{"line":10,"column":74},"end":{"line":10,"column":112}}]},"1":{"loc":{"start":{"line":11,"column":4},"end":{"line":16,"column":5}},"type":"if","locations":[{"start":{"line":11,"column":4},"end":{"line":16,"column":5}}]},"2":{"loc":{"start":{"line":23,"column":4},"end":{"line":25,"column":5}},"type":"if","locations":[{"start":{"line":23,"column":4},"end":{"line":25,"column":5}}]},"3":{"loc":{"start":{"line":32,"column":4},"end":{"line":46,"column":5}},"type":"if","locations":[{"start":{"line":32,"column":4},"end":{"line":46,"column":5}},{"start":{"line":35,"column":9},"end":{"line":46,"column":5}}]},"4":{"loc":{"start":{"line":35,"column":9},"end":{"line":46,"column":5}},"type":"if","locations":[{"start":{"line":35,"column":9},"end":{"line":46,"column":5}}]},"5":{"loc":{"start":{"line":55,"column":4},"end":{"line":59,"column":5}},"type":"if","locations":[{"start":{"line":55,"column":4},"end":{"line":59,"column":5}}]},"6":{"loc":{"start":{"line":68,"column":4},"end":{"line":76,"column":5}},"type":"if","locations":[{"start":{"line":68,"column":4},"end":{"line":76,"column":5}}]}},"s":{"0":1,"1":1,"2":1,"3":1,"4":1,"5":1,"6":1,"7":1,"8":2,"9":4,"10":2,"11":1,"12":1,"13":4,"14":4,"15":9,"16":4,"17":1,"18":3,"19":2,"20":2,"21":4,"22":2,"23":1,"24":1,"25":1,"26":1,"27":1,"28":1,"29":0,"30":2,"31":2,"32":4,"33":2,"34":2,"35":2,"36":2,"37":0,"38":0,"39":0,"40":0,"41":0,"42":0,"43":0,"44":0,"45":0,"46":0},"f":{"0":1,"1":2,"2":4,"3":4,"4":9,"5":2,"6":4,"7":2,"8":4,"9":0,"10":0},"b":{"0":[4,2],"1":[1],"2":[1],"3":[1,1],"4":[1],"5":[2],"6":[0]}}
,"C:\\volunteer-app\\server\\src\\tests\\mocks\\index.ts": {"path":"C:\\volunteer-app\\server\\src\\tests\\mocks\\index.ts","statementMap":{"0":{"start":{"line":3,"column":13},"end":{"line":3,"column":41}},"1":{"start":{"line":4,"column":13},"end":{"line":7,"column":25}}},"fnMap":{},"branchMap":{},"s":{"0":1,"1":1},"f":{},"b":{}}
,"C:\\volunteer-app\\server\\src\\tests\\mocks\\users.ts": {"path":"C:\\volunteer-app\\server\\src\\tests\\mocks\\users.ts","statementMap":{"0":{"start":{"line":4,"column":13},"end":{"line":6,"column":31}},"1":{"start":{"line":8,"column":13},"end":{"line":10,"column":29}},"2":{"start":{"line":13,"column":13},"end":{"line":18,"column":39}},"3":{"start":{"line":20,"column":13},"end":{"line":25,"column":39}},"4":{"start":{"line":27,"column":13},"end":{"line":33,"column":40}},"5":{"start":{"line":35,"column":13},"end":{"line":41,"column":40}},"6":{"start":{"line":43,"column":13},"end":{"line":45,"column":31}},"7":{"start":{"line":47,"column":13},"end":{"line":49,"column":29}},"8":{"start":{"line":51,"column":13},"end":{"line":57,"column":31}},"9":{"start":{"line":59,"column":13},"end":{"line":65,"column":29}}},"fnMap":{},"branchMap":{},"s":{"0":1,"1":1,"2":1,"3":1,"4":1,"5":1,"6":1,"7":1,"8":1,"9":1},"f":{},"b":{}}
}
