TN:
SF:src/data.ts
FNF:0
FNH:0
DA:11,3
DA:33,3
DA:96,3
DA:120,3
DA:209,3
LF:5
LH:5
BRF:0
BRH:0
end_of_record
TN:
SF:src/handlers/events.ts
FN:5,getEvents
FN:9,getEventsById
FN:11,(anonymous_2)
FN:19,createEvent
FN:38,deleteEventByIndex
FN:41,(anonymous_5)
FNF:6
FNH:6
FNDA:1,getEvents
FNDA:2,getEventsById
FNDA:6,(anonymous_2)
FNDA:3,createEvent
FNDA:2,deleteEventByIndex
FNDA:6,(anonymous_5)
DA:3,1
DA:5,1
DA:6,1
DA:9,1
DA:10,2
DA:11,6
DA:12,2
DA:13,1
DA:15,1
DA:19,1
DA:20,3
DA:21,3
DA:22,1
DA:24,2
DA:38,1
DA:39,2
DA:41,6
DA:42,2
DA:43,1
DA:44,1
DA:45,1
DA:47,1
LF:22
LH:22
BRDA:12,0,0,1
BRDA:21,1,0,1
BRDA:42,2,0,1
BRF:3
BRH:3
end_of_record
TN:
SF:src/handlers/users.ts
FN:7,getUsers
FN:11,loginUser
FN:12,(anonymous_2)
FN:22,getUsersById
FN:24,(anonymous_4)
FN:31,createUser
FN:40,(anonymous_6)
FN:44,(anonymous_7)
FN:63,deleteUser
FN:66,(anonymous_9)
FN:75,updateUser
FN:79,(anonymous_11)
FNF:12
FNH:11
FNDA:1,getUsers
FNDA:2,loginUser
FNDA:4,(anonymous_2)
FNDA:2,getUsersById
FNDA:4,(anonymous_4)
FNDA:3,createUser
FNDA:0,(anonymous_6)
FNDA:4,(anonymous_7)
FNDA:2,deleteUser
FNDA:5,(anonymous_9)
FNDA:2,updateUser
FNDA:5,(anonymous_11)
DA:3,1
DA:4,1
DA:7,1
DA:8,1
DA:11,1
DA:12,4
DA:13,2
DA:14,1
DA:19,1
DA:22,1
DA:23,2
DA:24,4
DA:25,2
DA:26,1
DA:28,1
DA:31,1
DA:32,3
DA:33,3
DA:34,3
DA:35,3
DA:36,1
DA:39,2
DA:40,0
DA:41,0
DA:44,4
DA:45,2
DA:46,1
DA:49,1
DA:50,1
DA:56,1
DA:58,1
DA:63,1
DA:64,2
DA:66,5
DA:67,2
DA:68,1
DA:69,1
DA:70,1
DA:72,1
DA:75,1
DA:76,2
DA:77,2
DA:79,5
DA:80,2
DA:81,1
DA:82,1
DA:87,1
DA:89,1
LF:48
LH:46
BRDA:12,0,0,4
BRDA:12,0,1,2
BRDA:13,1,0,1
BRDA:25,2,0,1
BRDA:35,3,0,1
BRDA:39,4,0,0
BRDA:45,5,0,1
BRDA:45,5,1,1
BRDA:67,6,0,1
BRDA:80,7,0,1
BRF:10
BRH:9
end_of_record
TN:
SF:src/handlers/volunteer.ts
FN:6,getVolunteers
FN:10,getVolunteerById
FN:11,(anonymous_2)
FN:20,postVolunteerMatch
FN:22,(anonymous_4)
FN:23,(anonymous_5)
FN:40,createVolunteer
FNF:7
FNH:4
FNDA:1,getVolunteers
FNDA:2,getVolunteerById
FNDA:5,(anonymous_2)
FNDA:0,postVolunteerMatch
FNDA:0,(anonymous_4)
FNDA:0,(anonymous_5)
FNDA:3,createVolunteer
DA:2,1
DA:6,1
DA:7,1
DA:10,1
DA:11,5
DA:12,2
DA:13,1
DA:16,1
DA:20,1
DA:21,0
DA:22,0
DA:23,0
DA:24,0
DA:26,0
DA:38,0
DA:40,1
DA:41,3
DA:43,3
DA:44,1
DA:46,2
DA:47,2
LF:21
LH:15
BRDA:12,0,0,1
BRDA:12,0,1,1
BRDA:24,1,0,0
BRDA:24,2,0,0
BRDA:24,2,1,0
BRDA:24,2,2,0
BRDA:43,3,0,1
BRF:7
BRH:3
end_of_record
TN:
SF:src/tests/mocks/events.ts
FNF:0
FNH:0
DA:4,1
DA:8,1
DA:13,1
DA:27,1
DA:30,1
DA:44,1
DA:48,1
LF:7
LH:7
BRF:0
BRH:0
end_of_record
TN:
SF:src/tests/mocks/index.ts
FN:5,(anonymous_0)
FNF:1
FNH:1
FNDA:19,(anonymous_0)
DA:3,3
DA:4,3
DA:5,19
LF:3
LH:3
BRF:0
BRH:0
end_of_record
TN:
SF:src/tests/mocks/users.ts
FNF:0
FNH:0
DA:4,1
DA:8,1
DA:13,1
DA:20,1
DA:27,1
DA:35,1
DA:38,1
DA:46,1
DA:50,1
DA:54,1
DA:62,1
LF:11
LH:11
BRF:0
BRH:0
end_of_record
TN:
SF:src/tests/mocks/volunteers.ts
FNF:0
FNH:0
DA:4,1
DA:8,1
DA:12,1
DA:30,1
DA:33,1
LF:5
LH:5
BRF:0
BRH:0
end_of_record
